<?xml version="1.0" encoding="UTF-8"?>
<testng-results skipped="0" failed="0" ignored="0" total="1" passed="1">
  <reporter-output>
  </reporter-output>
  <suite name="Default suite" duration-ms="3606" started-at="2019-07-17T09:30:25Z" finished-at="2019-07-17T09:30:29Z">
    <groups>
    </groups>
    <test name="Default test" duration-ms="3606" started-at="2019-07-17T09:30:25Z" finished-at="2019-07-17T09:30:29Z">
      <class name="Newproject.Restassuredapi.Getrequest">
        <test-method status="PASS" signature="getmethod()[pri:0, instance:Newproject.Restassuredapi.Getrequest@1593948d]" name="getmethod" duration-ms="3576" started-at="2019-07-17T09:30:25Z" finished-at="2019-07-17T09:30:29Z">
          <reporter-output>
          </reporter-output>
        </test-method> <!-- getmethod -->
      </class> <!-- Newproject.Restassuredapi.Getrequest -->
    </test> <!-- Default test -->
  </suite> <!-- Default suite -->
</testng-results>
